<?xml version="1.0" encoding="UTF-8"?>
<!-- Generated by org.testng.reporters.JUnitReportReporter -->
<testsuite name="Page_Test.Login_Test" tests="3" time="2.440" ignored="0" failures="0" timestamp="25 Aug 2019 06:35:30 GMT" skipped="0" hostname="II02-JWXVKC2" errors="0">
  <testcase name="enter_email" time="0.634" classname="Page_Test.Login_Test"/>
  <testcase name="check_title" time="0.120" classname="Page_Test.Login_Test"/>
  <testcase name="click_to_sign" time="1.686" classname="Page_Test.Login_Test"/>
</testsuite> <!-- Page_Test.Login_Test -->
